<?xml version='1.0' encoding='UTF-8'?>
<testsuite hostname="DESKTOP-EJCFS1F" name="NthPrimeTest" tests="5" errors="0" failures="0" skipped="4" time="0.016" timestamp="2021-05-04T17:01:54">
                     <properties>
[...]
</properties>
                     <testcase classname="NthPrimeTest" name="first prime" time="0.016">
                                                 
                                               </testcase><testcase classname="NthPrimeTest" name="second prime" time="0.0">
                                                 <skipped/>
                                               </testcase><testcase classname="NthPrimeTest" name="sixth prime" time="0.0">
                                                 <skipped/>
                                               </testcase><testcase classname="NthPrimeTest" name="big prime" time="0.0">
                                                 <skipped/>
                                               </testcase><testcase classname="NthPrimeTest" name="there is no zeroth prime" time="0.0">
                                                 <skipped/>
                                               </testcase>
                     <system-out><![CDATA[]]></system-out>
                     <system-err><![CDATA[]]></system-err>
                   </testsuite>